<?xml version="1.0" encoding="UTF-8"?>
<!-- Generated by org.testng.reporters.JUnitReportReporter -->
<testsuite hostname="Hasan" name="testcases.TestDropBox" tests="2" failures="0" timestamp="17 Apr 2015 16:45:18 GMT" time="33.553" errors="0">
  <testcase name="facebookTest" time="22.438" classname="testcases.TestDropBox"/>
  <testcase name="dropBox" time="11.115" classname="testcases.TestDropBox"/>
</testsuite> <!-- testcases.TestDropBox -->
