<?xml version="1.0" encoding="UTF-8"?>
<!-- Generated by org.testng.reporters.JUnitReportReporter -->
<testsuite hostname="Hasan" name="testcases.TestGmail" tests="2" failures="0" timestamp="21 Apr 2015 15:47:39 GMT" time="29.557" errors="0">
  <testcase name="gmailTest" time="10.793" classname="testcases.TestGmail"/>
  <testcase name="gmailTest" time="18.764" classname="testcases.TestGmail"/>
</testsuite> <!-- testcases.TestGmail -->
