<?xml version="1.0" encoding="UTF-8"?>
<!-- Generated by org.testng.reporters.JUnitReportReporter -->
<testsuite hostname="Hasan" name="testcases.TestGmail" tests="1" failures="0" timestamp="17 Apr 2015 16:45:18 GMT" time="7.146" errors="0">
  <testcase name="gmailTest" time="7.146" classname="testcases.TestGmail"/>
</testsuite> <!-- testcases.TestGmail -->
