<?xml version="1.0" encoding="UTF-8"?>
<!-- Generated by org.testng.reporters.JUnitReportReporter -->
<testsuite hostname="Hasan" name="testcases.TestListner" tests="1" failures="0" timestamp="22 Apr 2015 19:53:30 GMT" time="0.011" errors="0">
  <testcase name="main" time="0.011" classname="testcases.TestListner"/>
</testsuite> <!-- testcases.TestListner -->
