<?xml version="1.0" encoding="UTF-8"?>
<!-- Generated by org.testng.reporters.JUnitReportReporter -->
<testsuite hostname="Hasan" name="testcases.TestingLog4j" tests="1" failures="0" timestamp="22 Apr 2015 20:19:08 GMT" time="2.290" errors="0">
  <testcase name="testinTest" time="2.290" classname="testcases.TestingLog4j"/>
</testsuite> <!-- testcases.TestingLog4j -->
