<?xml version="1.0" encoding="UTF-8"?>
<!-- Generated by org.testng.reporters.JUnitReportReporter -->
<testsuite hostname="Hasan" name="testcases.TestGmail" tests="2" failures="0" timestamp="20 Apr 2015 20:58:20 GMT" time="43.130" errors="0">
  <testcase name="gmailTest" time="28.006" classname="testcases.TestGmail"/>
  <testcase name="gmailTest" time="15.124" classname="testcases.TestGmail"/>
</testsuite> <!-- testcases.TestGmail -->
