<?xml version="1.0" encoding="UTF-8"?>
<!-- Generated by org.testng.reporters.JUnitReportReporter -->
<testsuite hostname="Hasan" name="testcases.TestingLog4j" tests="2" failures="0" timestamp="23 Apr 2015 20:29:39 GMT" time="6.566" errors="0">
  <testcase name="failingTest" time="3.184" classname="testcases.TestingLog4j"/>
  <testcase name="testinTest" time="3.382" classname="testcases.TestingLog4j"/>
</testsuite> <!-- testcases.TestingLog4j -->
