<?xml version="1.0" encoding="UTF-8"?>
<!-- Generated by org.testng.reporters.JUnitReportReporter -->
<testsuite hostname="Hasan" name="testcases.TestDropBox" tests="4" failures="0" timestamp="20 Apr 2015 20:58:20 GMT" time="75.811" errors="0">
  <testcase name="facebookTest" time="15.463" classname="testcases.TestDropBox"/>
  <testcase name="facebookTest" time="8.308" classname="testcases.TestDropBox"/>
  <testcase name="dropBox" time="24.464" classname="testcases.TestDropBox"/>
  <testcase name="dropBox" time="27.576" classname="testcases.TestDropBox"/>
</testsuite> <!-- testcases.TestDropBox -->
