<?xml version="1.0" encoding="UTF-8"?>
<!-- Generated by org.testng.reporters.JUnitReportReporter -->
<testsuite hostname="Hasan" name="testcases.TestDropBox" tests="2" failures="0" timestamp="27 Apr 2015 16:39:06 GMT" time="8.992" errors="0">
  <testcase name="facebook_Test" time="5.535" classname="testcases.TestDropBox"/>
  <testcase name="WorkStride_Test" time="3.457" classname="testcases.TestDropBox"/>
</testsuite> <!-- testcases.TestDropBox -->
