<?xml version="1.0" encoding="UTF-8"?>
<!-- Generated by org.testng.reporters.JUnitReportReporter -->
<testsuite hostname="Hasan" name="testcases.TestingLog4j" tests="1" failures="0" timestamp="21 Apr 2015 19:56:48 GMT" time="4.080" errors="0">
  <testcase name="testinTest" time="4.080" classname="testcases.TestingLog4j"/>
</testsuite> <!-- testcases.TestingLog4j -->
