<?xml version="1.0" encoding="UTF-8"?>
<!-- Generated by org.testng.reporters.JUnitReportReporter -->
<testsuite hostname="Hasan" name="testcases.TestGmail" tests="2" failures="0" timestamp="20 Apr 2015 21:03:41 GMT" time="20.240" errors="0">
  <testcase name="gmailTest" time="12.765" classname="testcases.TestGmail"/>
  <testcase name="gmailTest" time="7.475" classname="testcases.TestGmail"/>
</testsuite> <!-- testcases.TestGmail -->
