<?xml version="1.0" encoding="UTF-8"?>
<!-- Generated by org.testng.reporters.JUnitReportReporter -->
<testsuite hostname="Hasan" name="testcases.TestDropBox" tests="4" failures="0" timestamp="20 Apr 2015 21:03:41 GMT" time="69.145" errors="0">
  <testcase name="facebookTest" time="9.886" classname="testcases.TestDropBox"/>
  <testcase name="dropBox" time="12.758" classname="testcases.TestDropBox"/>
  <testcase name="facebookTest" time="18.796" classname="testcases.TestDropBox"/>
  <testcase name="dropBox" time="27.705" classname="testcases.TestDropBox"/>
</testsuite> <!-- testcases.TestDropBox -->
