<?xml version="1.0" encoding="UTF-8"?>
<!-- Generated by org.testng.reporters.JUnitReportReporter -->
<testsuite hostname="Hasan" name="testcases.BeforeTesting" tests="2" failures="0" timestamp="23 Apr 2015 22:39:26 GMT" time="3.784" errors="0">
  <testcase name="gmailTest" time="1.869" classname="testcases.BeforeTesting"/>
  <testcase name="hasanTest" time="1.915" classname="testcases.BeforeTesting"/>
</testsuite> <!-- testcases.BeforeTesting -->
