<?xml version="1.0" encoding="UTF-8"?>
<!-- Generated by org.testng.reporters.JUnitReportReporter -->
<testsuite hostname="Hasan" name="testcases.TestGmail" tests="2" failures="0" timestamp="29 Apr 2015 13:59:38 GMT" time="15.154" errors="0">
  <testcase name="gmailTest" time="8.443" classname="testcases.TestGmail"/>
  <testcase name="gmailTest" time="6.711" classname="testcases.TestGmail"/>
</testsuite> <!-- testcases.TestGmail -->
