<?xml version="1.0" encoding="UTF-8"?>
<!-- Generated by org.testng.reporters.JUnitReportReporter -->
<testsuite hostname="Hasan" name="testcases.TestDropBox" tests="4" failures="0" timestamp="15 Apr 2015 19:55:23 GMT" time="15.792" errors="0">
  <testcase name="dropBox" time="7.503" classname="testcases.TestDropBox"/>
  <testcase name="facebookTest" time="1.348" classname="testcases.TestDropBox"/>
  <testcase name="facebookTest" time="0.755" classname="testcases.TestDropBox"/>
  <testcase name="dropBox" time="6.186" classname="testcases.TestDropBox"/>
</testsuite> <!-- testcases.TestDropBox -->
