<?xml version="1.0" encoding="UTF-8"?>
<!-- Generated by org.testng.reporters.JUnitReportReporter -->
<testsuite hostname="Hasan" name="testcases.TestGmail" tests="2" failures="0" timestamp="15 Apr 2015 19:55:23 GMT" time="5.118" errors="0">
  <testcase name="gmailTest" time="2.287" classname="testcases.TestGmail"/>
  <testcase name="gmailTest" time="2.831" classname="testcases.TestGmail"/>
</testsuite> <!-- testcases.TestGmail -->
